<?xml version="1.0" encoding="utf-8"?><testsuites name="pytest tests"><testsuite name="pytest" errors="1" failures="0" skipped="0" tests="1" time="20.493" timestamp="2025-09-07T08:49:57.602436-06:00" hostname="Jupiter"><testcase classname="" name="tests.core.acg.test_enhanced_acg" time="0.000"><error message="collection failure">..\..\Meridian Ephemeris V1\backend\venv\lib\site-packages\_pytest\python.py:498: in importtestmodule
    mod = import_path(
..\..\Meridian Ephemeris V1\backend\venv\lib\site-packages\_pytest\pathlib.py:587: in import_path
    importlib.import_module(module_name)
C:\Users\jacks\AppData\Local\Programs\Python\Python310\lib\importlib\__init__.py:126: in import_module
    return _bootstrap._gcd_import(name[level:], package, level)
&lt;frozen importlib._bootstrap&gt;:1050: in _gcd_import
    ???
&lt;frozen importlib._bootstrap&gt;:1027: in _find_and_load
    ???
&lt;frozen importlib._bootstrap&gt;:1006: in _find_and_load_unlocked
    ???
&lt;frozen importlib._bootstrap&gt;:688: in _load_unlocked
    ???
..\..\Meridian Ephemeris V1\backend\venv\lib\site-packages\_pytest\assertion\rewrite.py:177: in exec_module
    source_stat, co = _rewrite_test(fn, self.config)
..\..\Meridian Ephemeris V1\backend\venv\lib\site-packages\_pytest\assertion\rewrite.py:357: in _rewrite_test
    tree = ast.parse(source, filename=strfn)
C:\Users\jacks\AppData\Local\Programs\Python\Python310\lib\ast.py:50: in parse
    return compile(source, filename, mode, flags,
E     File "C:\Users\jacks\OneDrive\Desktop\MERIDIAN\Meridian DEV\ASTRO MERIDIAN APP V1.0\backend\tests\core\acg\test_enhanced_acg.py", line 484
E       )
E       ^
E   SyntaxError: positional argument follows keyword argument</error></testcase></testsuite></testsuites>