<?xml version="1.0" encoding="utf-8"?><testsuites name="pytest tests"><testsuite name="pytest" errors="0" failures="0" skipped="2" tests="522" time="20.630" timestamp="2025-09-03T13:06:23.801774-06:00" hostname="Jupiter"><testcase classname="tests.api.routes.test_acg.TestACGAPIEndpoints" name="test_acg_health_endpoint" time="0.046" /><testcase classname="tests.api.routes.test_ephemeris.TestNatalChartEndpoint" name="test_natal_chart_component_coordinates" time="0.081" /><testcase classname="tests.api.routes.test_acg.TestACGAPIEndpoints" name="test_acg_animate_endpoint_success" time="0.048" /><testcase classname="tests.core.acg.test_acg_cache.TestCacheIntegration" name="test_cache_backend_integration" time="0.008" /><testcase classname="tests.core.acg.test_acg_metadata.TestMetadataSummaryAndSchema" name="test_generate_metadata_summary" time="0.009" /><testcase classname="tests.benchmarks.test_performance.TestBatchProcessingBenchmarks" name="test_batch_size_scaling[500]" time="1.739" /><testcase classname="tests.core.acg.test_acg_core.TestACGLineCalculations" name="test_ac_dc_line_calculation" time="0.014" /><testcase classname="tests.api.routes.test_ephemeris.TestHealthEndpoints" name="test_ephemeris_health_check" time="0.081" /><testcase classname="tests.core.acg.test_acg_metadata.TestACGMetadataManager" name="test_create_line_metadata_missing_required_fields" time="0.013" /><testcase classname="tests.api.routes.test_ephemeris.TestInputValidation" name="test_out_of_bounds_coordinates" time="1.472" /><testcase classname="tests.core.acg.test_acg_cache.TestCacheStatisticsAndManagement" name="test_clear_cache" time="0.014" /><testcase classname="tests.benchmarks.test_performance.TestEphemerisBenchmarks" name="test_all_planets_calculation_performance" time="1.240" /><testcase classname="tests.core.acg.test_acg_core.TestACGCalculationEngine" name="test_engine_initialization" time="0.004" /><testcase classname="tests.core.acg.test_acg_core.TestACGLineCalculations" name="test_mc_aspect_line_calculation" time="0.132" /><testcase classname="tests.core.acg.test_acg_cache.TestACGCacheManager" name="test_generate_cache_key_uniqueness" time="0.017" /><testcase classname="tests.core.acg.test_acg_metadata.TestMetadataSummaryAndSchema" name="test_generate_metadata_summary_empty_features" time="0.002" /><testcase classname="tests.core.acg.test_acg_core.TestPerformanceAndScaling" name="test_body_registry_performance" time="1.712" /><testcase classname="tests.api.routes.test_acg.TestACGAPIValidation" name="test_acg_animate_step_too_large" time="0.073" /><testcase classname="tests.core.acg.test_acg_cache.TestPerformanceOptimizer" name="test_optimizer_initialization" time="0.016" /><testcase classname="tests.core.acg.test_acg_cache.TestPerformanceOptimizer" name="test_batch_position_optimization" time="0.002" /><testcase classname="tests.core.acg.test_acg_core.TestACGCalculationEngine" name="test_supported_bodies" time="0.002" /><testcase classname="tests.core.acg.test_acg_cache.TestACGCacheManager" name="test_generate_cache_key_with_suffix" time="0.001" /><testcase classname="tests.core.acg.test_acg_cache.TestCacheStatisticsAndManagement" name="test_memory_optimization" time="0.001" /><testcase classname="tests.core.acg.test_acg_metadata.TestMetadataSummaryAndSchema" name="test_export_metadata_schema" time="0.002" /><testcase classname="tests.core.acg.test_acg_metadata.TestMetadataSummaryAndSchema" name="test_validate_against_schema" time="0.003" /><testcase classname="tests.core.acg.test_acg_cache.TestACGCacheManager" name="test_cache_miss_initially" time="0.002" /><testcase classname="tests.core.acg.test_acg_cache.TestBatchOptimization" name="test_batch_optimization_all_uncached" time="0.001" /><testcase classname="tests.core.acg.test_acg_cache.TestBatchOptimization" name="test_batch_optimization_mixed" time="0.001" /><testcase classname="tests.core.acg.test_acg_core.TestACGCalculationEngine" name="test_default_bodies" time="0.001" /><testcase classname="tests.core.acg.test_acg_cache.TestPerformanceOptimizer" name="test_vectorization_optimization" time="0.001" /><testcase classname="tests.core.acg.test_acg_metadata.TestMetadataValidation" name="test_validate_metadata_completeness_valid" time="0.003" /><testcase classname="tests.core.acg.test_acg_cache.TestACGCacheManager" name="test_cache_set_and_get" time="0.002" /><testcase classname="tests.core.acg.test_acg_core.TestACGCalculationEngine" name="test_body_position_calculation_sun" time="0.001" /><testcase classname="tests.core.acg.test_acg_core.TestACGCalculationEngine" name="test_body_position_calculation_moon" time="0.001" /><testcase classname="tests.core.acg.test_acg_cache.TestPerformanceOptimizer" name="test_optimization_recommendations" time="0.002" /><testcase classname="tests.core.acg.test_acg_metadata.TestErrorHandling" name="test_create_line_metadata_with_invalid_base" time="0.003" /><testcase classname="tests.core.acg.test_acg_cache.TestBatchOptimization" name="test_batch_optimization_disabled" time="0.001" /><testcase classname="tests.core.acg.test_acg_metadata.TestMetadataValidation" name="test_validate_metadata_completeness_missing_natal" time="0.002" /><testcase classname="tests.core.acg.test_acg_metadata.TestMetadataValidation" name="test_validate_metadata_with_invalid_coordinates" time="0.001" /><testcase classname="tests.core.acg.test_acg_core.TestACGCalculationEngine" name="test_body_position_unknown_body" time="0.001" /><testcase classname="tests.core.acg.test_acg_metadata.TestMetadataValidation" name="test_validate_metadata_with_invalid_values" time="0.001" /><testcase classname="tests.core.acg.test_acg_cache.TestPositionCaching" name="test_position_cache_key_generation" time="0.001" /><testcase classname="tests.core.acg.test_acg_cache.TestPositionCaching" name="test_position_caching_disabled" time="0.001" /><testcase classname="tests.core.acg.test_acg_cache.TestPerformanceOptimizer" name="test_recommendations_empty_input" time="0.002" /><testcase classname="tests.core.acg.test_acg_cache.TestACGCacheManager" name="test_cache_set_with_custom_ttl" time="0.002" /><testcase classname="tests.core.acg.test_acg_metadata.TestErrorHandling" name="test_enrich_metadata_with_error_recovery" time="0.002" /><testcase classname="tests.core.acg.test_acg_metadata.TestProvenanceHandling" name="test_enrich_metadata_with_provenance" time="0.001" /><testcase classname="tests.core.acg.test_acg_cache.TestCacheWarming" name="test_cache_warming_execution" time="0.002" /><testcase classname="tests.core.acg.test_acg_cache.TestACGCacheManager" name="test_cache_error_handling" time="0.005" /><testcase classname="tests.core.acg.test_acg_metadata.TestProvenanceHandling" name="test_enrich_metadata_preserves_existing_custom_fields" time="0.001" /><testcase classname="tests.core.acg.test_acg_metadata.TestErrorHandling" name="test_generate_summary_with_malformed_features" time="0.002" /><testcase classname="tests.core.acg.test_acg_cache.TestCacheWarming" name="test_position_precomputation" time="0.002" /><testcase classname="tests.api.routes.test_acg.TestACGAPIEndpoints" name="test_acg_features_endpoint" time="0.018" /><testcase classname="tests.core.acg.test_acg_cache.TestCacheStatisticsAndManagement" name="test_cache_statistics_initial" time="0.002" /><testcase classname="tests.api.routes.test_acg.TestACGAPIEndpoints" name="test_acg_animate_endpoint_invalid_time_range" time="0.087" /><testcase classname="tests.core.acg.test_acg_natal_integration.TestACGNatalDataValidation" name="test_natal_data_validation_success" time="0.001" /><testcase classname="tests.core.acg.test_acg_natal_integration.TestACGNatalDataValidation" name="test_natal_data_validation_none" time="0.001" /><testcase classname="tests.api.routes.test_acg.TestACGAPIEndpoints" name="test_acg_schema_endpoint" time="0.102" /><testcase classname="tests.core.acg.test_acg_cache.TestPositionCaching" name="test_position_caching_enabled" time="0.001" /><testcase classname="tests.core.acg.test_acg_natal_integration.TestACGNatalDataValidation" name="test_natal_data_validation_invalid_latitude" time="0.002" /><testcase classname="tests.core.acg.test_acg_natal_integration.TestSubjectCreation" name="test_create_subject_success" time="1.282" /><testcase classname="tests.core.acg.test_acg_natal_integration.TestACGNatalDataValidation" name="test_natal_data_validation_invalid_longitude" time="0.002" /><testcase classname="tests.core.acg.test_acg_natal_integration.TestACGNatalDataValidation" name="test_natal_data_validation_unknown_house_system" time="0.002" /><testcase classname="tests.core.acg.test_acg_natal_integration.TestACGNatalDataValidation" name="test_acg_request_validation_success" time="0.006" /><testcase classname="tests.core.acg.test_acg_core.TestACGLineCalculations" name="test_mc_ic_line_calculation" time="0.002" /><testcase classname="tests.api.routes.test_ephemeris.TestNatalChartEndpoint" name="test_natal_chart_julian_day_input" time="0.227" /><testcase classname="tests.core.acg.test_acg_natal_integration.TestACGRequestValidation" name="test_request_validation_no_natal" time="0.001" /><testcase classname="tests.api.routes.test_acg.TestACGAPIResponseFormats" name="test_acg_features_response_structure" time="0.027" /><testcase classname="tests.core.acg.test_acg_natal_integration.TestACGRequestValidation" name="test_request_validation_incomplete_natal" time="0.001" /><testcase classname="tests.api.routes.test_ephemeris.TestRootEndpoint" name="test_root_endpoint" time="0.026" /><testcase classname="tests.core.acg.test_acg_natal_integration.TestACGNatalDataValidation" name="test_acg_request_invalid_epoch" time="0.004" /><testcase classname="tests.core.acg.test_acg_natal_integration.TestACGRequestValidation" name="test_request_validation_invalid_epoch" time="0.001" /><testcase classname="tests.core.acg.test_acg_natal_integration.TestNatalChartCreation" name="test_create_natal_chart_success" time="1.563" /><testcase classname="tests.api.routes.test_acg.TestACGAPIResponseFormats" name="test_acg_schema_response_structure" time="0.108" /><testcase classname="tests.core.acg.test_acg_metadata.TestProvenanceHandling" name="test_get_provenance_info" time="0.001" /><testcase classname="tests.api.routes.test_ephemeris.TestSchemaEndpoints" name="test_natal_request_schema" time="0.118" /><testcase classname="tests.core.acg.test_acg_natal_integration.TestEdgeCases" name="test_dignity_calculation_edge_cases" time="0.001" /><testcase classname="tests.core.acg.test_acg_cache.TestCacheIntegration" name="test_get_global_cache_manager" time="0.002" /><testcase classname="tests.core.acg.test_acg_natal_integration.TestEdgeCases" name="test_missing_planet_data" time="0.002" /><testcase classname="tests.core.acg.test_acg_cache.TestCacheStatisticsAndManagement" name="test_cache_statistics_after_operations" time="0.003" /><testcase classname="tests.core.acg.test_acg_natal_integration.TestPerformance" name="test_validation_performance" time="1.813" /><testcase classname="tests.core.ephemeris.charts.test_integration.TestErrorHandling" name="test_graceful_calculation_failures" time="1.406" /><testcase classname="tests.core.ephemeris.charts.test_integration.TestChartIntegration" name="test_coordinate_edge_cases" time="1.410" /><testcase classname="tests.core.acg.test_acg_natal_integration.TestACGNatalDataValidation" name="test_acg_body_validation" time="0.002" /><testcase classname="tests.api.routes.test_acg.TestACGAPIValidation" name="test_acg_lines_missing_epoch" time="0.030" /><testcase classname="tests.core.ephemeris.charts.test_natal.TestCalculationObjectSelection" name="test_minimal_object_selection" time="1.913" /><testcase classname="tests.core.acg.test_acg_core.TestACGLineCalculations" name="test_ac_aspect_line_calculation" time="2.626" /><testcase classname="tests.api.routes.test_acg.TestACGAPIEndpoints" name="test_acg_lines_endpoint_success" time="0.055" /><testcase classname="tests.api.routes.test_acg.TestACGAPIValidation" name="test_acg_lines_invalid_epoch_format" time="0.031" /><testcase classname="tests.api.routes.test_acg.TestACGAPIValidation" name="test_acg_lines_invalid_body_type" time="0.051" /><testcase classname="tests.api.routes.test_acg.TestACGAPIEndpoints" name="test_acg_lines_endpoint_validation_error" time="0.032" /><testcase classname="tests.api.routes.test_acg.TestACGAPIResponseFormats" name="test_acg_lines_geojson_compliance" time="0.037" /><testcase classname="tests.api.routes.test_ephemeris.TestSchemaEndpoints" name="test_natal_response_schema" time="0.045" /><testcase classname="tests.api.routes.test_acg.TestACGAPIEndpoints" name="test_acg_lines_endpoint_calculation_error" time="0.058" /><testcase classname="tests.api.routes.test_acg.TestACGAPIValidation" name="test_acg_lines_invalid_natal_coordinates" time="0.054" /><testcase classname="tests.api.routes.test_acg.TestACGAPIPerformance" name="test_acg_lines_performance_headers" time="0.053" /><testcase classname="tests.api.routes.test_ephemeris.TestSchemaEndpoints" name="test_house_systems_endpoint" time="0.033" /><testcase classname="tests.api.routes.test_ephemeris.TestNatalChartEndpoint" name="test_natal_chart_with_configuration" time="0.110" /><testcase classname="tests.api.routes.test_acg.TestACGAPIValidation" name="test_acg_batch_empty_requests" time="0.033" /><testcase classname="tests.api.routes.test_acg.TestACGAPIPerformance" name="test_acg_batch_performance_headers" time="0.048" /><testcase classname="tests.api.routes.test_ephemeris.TestSchemaEndpoints" name="test_supported_objects_endpoint" time="0.048" /><testcase classname="tests.api.routes.test_acg.TestACGAPIEndpoints" name="test_acg_batch_endpoint_success" time="0.035" /><testcase classname="tests.api.routes.test_acg.TestACGAPIValidation" name="test_acg_animate_invalid_step" time="0.023" /><testcase classname="tests.api.routes.test_acg.TestACGAPIEndpoints" name="test_acg_batch_endpoint_mixed_results" time="0.028" /><testcase classname="tests.api.routes.test_acg.TestACGAPIPerformance" name="test_acg_animate_performance_headers" time="0.033" /><testcase classname="tests.api.routes.test_ephemeris.TestNatalChartEndpoint" name="test_natal_chart_basic_request" time="0.136" /><testcase classname="tests.core.ephemeris.charts.test_natal.TestChartDataMethods" name="test_get_objects_in_sign" time="0.023" /><testcase classname="tests.core.ephemeris.charts.test_subject.TestSubjectDataValidation" name="test_invalid_latitude_bounds" time="0.012" /><testcase classname="tests.core.ephemeris.charts.test_subject.TestSubjectDataValidation" name="test_invalid_longitude_bounds" time="0.004" /><testcase classname="tests.core.ephemeris.charts.test_natal.TestQuickDataAndSerialization" name="test_get_quick_data" time="1.581" /><testcase classname="tests.api.routes.test_ephemeris.TestHealthEndpoints" name="test_global_health_check" time="0.051" /><testcase classname="tests.core.ephemeris.charts.test_subject.TestSubjectDataValidation" name="test_timezone_naive_datetime_rejected" time="0.015" /><testcase classname="tests.api.routes.test_ephemeris.TestNatalChartEndpoint" name="test_natal_chart_utc_offset_timezone" time="0.167" /><testcase classname="tests.core.ephemeris.charts.test_subject.TestSubjectDataValidation" name="test_julian_day_bounds" time="0.002" /><testcase classname="tests.core.ephemeris.charts.test_subject.TestSubjectInputNormalization" name="test_basic_subject_creation" time="1.620" /><testcase classname="tests.core.ephemeris.charts.test_subject.TestSubjectInputNormalization" name="test_timezone_string_parsing" time="0.025" /><testcase classname="tests.core.ephemeris.charts.test_subject.TestSubjectInputNormalization" name="test_utc_offset_parsing" time="0.002" /><testcase classname="tests.api.routes.test_ephemeris.TestNatalChartEndpoint" name="test_natal_chart_dms_coordinates" time="0.106" /><testcase classname="tests.core.ephemeris.charts.test_subject.TestSubjectInputNormalization" name="test_julian_day_input" time="1.696" /><testcase classname="tests.api.routes.test_ephemeris.TestInputValidation" name="test_empty_request" time="0.032" /><testcase classname="tests.core.ephemeris.charts.test_subject.TestSubjectValidation" name="test_invalid_coordinate_string" time="0.007" /><testcase classname="tests.api.routes.test_ephemeris.TestInputValidation" name="test_missing_subject_name" time="0.022" /><testcase classname="tests.core.ephemeris.charts.test_subject.TestSubjectValidation" name="test_invalid_datetime_string" time="1.634" /><testcase classname="tests.api.routes.test_ephemeris.TestInputValidation" name="test_invalid_coordinate_format" time="0.058" /><testcase classname="tests.api.routes.test_ephemeris.TestInputValidation" name="test_invalid_datetime_format" time="0.030" /><testcase classname="tests.core.ephemeris.charts.test_subject.TestSubjectEdgeCases" name="test_altitude_handling" time="1.619" /><testcase classname="tests.benchmarks.test_performance.TestEphemerisBenchmarks" name="test_house_calculation_performance" time="0.374" /><testcase classname="tests.core.acg.test_acg_natal_integration.TestSubjectCreation" name="test_create_subject_no_natal_data" time="0.002" /><testcase classname="tests.core.acg.test_acg_natal_integration.TestSubjectCreation" name="test_create_subject_incomplete_coordinates" time="0.001" /><testcase classname="tests.core.acg.test_acg_natal_integration.TestSubjectCreation" name="test_create_subject_invalid_epoch" time="0.001" /><testcase classname="tests.core.acg.test_acg_natal_integration.TestNatalInfoExtraction" name="test_body_id_lookup" time="0.001" /><testcase classname="tests.core.acg.test_acg_natal_integration.TestNatalInfoExtraction" name="test_convert_to_acg_coordinates" time="0.001" /><testcase classname="tests.core.acg.test_acg_natal_integration.TestACGRequestValidation" name="test_request_validation_complete_natal" time="0.001" /><testcase classname="tests.core.ephemeris.classes.test_cache.TestEphemerisCache" name="test_basic_put_get" time="0.008" /><testcase classname="tests.core.ephemeris.classes.test_cache.TestEphemerisCache" name="test_cache_statistics" time="0.001" /><testcase classname="tests.core.ephemeris.classes.test_cache.TestEphemerisCache" name="test_cache_eviction" time="0.003" /><testcase classname="tests.core.ephemeris.classes.test_cache.TestEphemerisCache" name="test_ttl_expiration" time="0.177" /><testcase classname="tests.api.routes.test_ephemeris.TestInputValidation" name="test_invalid_house_system" time="0.023" /><testcase classname="tests.api.routes.test_ephemeris.TestErrorHandling" name="test_calculation_error_handling" time="0.116" /><testcase classname="tests.core.ephemeris.charts.test_integration.TestErrorHandling" name="test_configuration_validation" time="0.002" /><testcase classname="tests.core.ephemeris.charts.test_integration.TestChartIntegration" name="test_different_time_periods" time="0.021" /><testcase classname="tests.core.ephemeris.charts.test_natal.TestNatalChartInitialization" name="test_natal_chart_with_subject_object" time="0.007" /><testcase classname="tests.core.ephemeris.charts.test_natal.TestNatalChartInitialization" name="test_natal_chart_with_subject_data" time="0.002" /><testcase classname="tests.core.ephemeris.charts.test_natal.TestNatalChartInitialization" name="test_invalid_subject_type" time="0.003" /><testcase classname="tests.core.ephemeris.charts.test_integration.TestSubjectChartInteraction" name="test_subject_data_preservation" time="0.059" /><testcase classname="tests.core.ephemeris.charts.test_natal.TestNatalChartInitialization" name="test_custom_configuration" time="0.002" /><testcase classname="tests.core.ephemeris.charts.test_natal.TestCalculationObjectSelection" name="test_default_object_selection" time="0.001" /><testcase classname="tests.core.ephemeris.classes.test_cache.TestCacheDecorator" name="test_decorator_with_custom_cache" time="0.002" /><testcase classname="tests.core.ephemeris.classes.test_cache.TestCacheDecorator" name="test_decorator_ttl" time="0.170" /><testcase classname="tests.core.ephemeris.classes.test_cache.TestEphemerisCache" name="test_lru_ordering" time="0.005" /><testcase classname="tests.core.ephemeris.classes.test_cache.TestEphemerisCache" name="test_cache_invalidation" time="0.004" /><testcase classname="tests.core.ephemeris.charts.test_integration.TestSubjectChartInteraction" name="test_chart_from_subject_data_directly" time="0.004" /><testcase classname="tests.benchmarks.test_performance.TestEphemerisBenchmarks" name="test_batch_calculation_performance" time="1.787" /><testcase classname="tests.core.ephemeris.classes.test_cache.TestEphemerisCache" name="test_pattern_invalidation" time="0.002" /><testcase classname="tests.api.routes.test_ephemeris.TestErrorHandling" name="test_input_validation_error_handling" time="0.031" /><testcase classname="tests.core.ephemeris.classes.test_cache.TestEphemerisCache" name="test_cache_clear" time="0.002" /><testcase classname="tests.core.ephemeris.charts.test_integration.TestSubjectChartInteraction" name="test_invalid_subject_handling" time="0.004" /><testcase classname="tests.core.ephemeris.classes.test_cache.TestEphemerisCache" name="test_cleanup_expired" time="0.179" /><testcase classname="tests.core.ephemeris.charts.test_integration.TestChartCalculationPerformance" name="test_calculation_caching" time="0.146" /><testcase classname="tests.core.acg.test_acg_natal_integration.TestNatalChartCreation" name="test_create_natal_chart_no_natal" time="0.002" /><testcase classname="tests.core.acg.test_acg_natal_integration.TestEdgeCases" name="test_extreme_coordinates" time="0.002" /><testcase classname="tests.api.routes.test_ephemeris.TestErrorHandling" name="test_unexpected_error_handling" time="0.034" /><testcase classname="tests.core.acg.test_acg_natal_integration.TestEdgeCases" name="test_boundary_coordinates" time="0.002" /><testcase classname="tests.core.ephemeris.charts.test_natal.TestAspectCalculation" name="test_no_self_aspects" time="0.025" /><testcase classname="tests.api.routes.test_ephemeris.TestResponseFormat" name="test_response_headers" time="0.095" /><testcase classname="tests.core.ephemeris.charts.test_natal.TestFullChartCalculation" name="test_successful_full_calculation" time="0.091" /><testcase classname="tests.core.acg.test_acg_core.TestPerformanceAndScaling" name="test_metadata_conversion_performance" time="0.910" /><testcase classname="tests.benchmarks.test_performance.TestBatchProcessingBenchmarks" name="test_vectorized_operations" time="0.026" /><testcase classname="tests.core.ephemeris.classes.test_cache.TestCachedDecorator" name="test_cached_decorator_default" time="0.003" /><testcase classname="tests.core.ephemeris.classes.test_cache.TestCachedDecorator" name="test_cached_decorator_with_ttl" time="0.173" /><testcase classname="tests.benchmarks.test_performance.TestMemoryBenchmarks" name="test_memory_usage_scaling" time="1.970" /><testcase classname="tests.core.ephemeris.charts.test_integration.TestChartCalculationPerformance" name="test_thread_safety_setup" time="0.001" /><testcase classname="tests.core.ephemeris.classes.test_cache.TestGlobalCache" name="test_global_cache_reset" time="0.002" /><testcase classname="tests.core.ephemeris.classes.test_cache.TestGlobalCache" name="test_cached_decorator_uses_global_cache" time="0.002" /><testcase classname="tests.api.routes.test_ephemeris.TestResponseFormat" name="test_response_consistency" time="0.287" /><testcase classname="tests.core.ephemeris.classes.test_serialize_extended.TestPlanetPosition" name="test_planet_position_creation" time="0.001" /><testcase classname="tests.core.ephemeris.classes.test_serialize_extended.TestPlanetPosition" name="test_planet_position_with_additional_data" time="0.001" /><testcase classname="tests.core.ephemeris.charts.test_natal.TestFullChartCalculation" name="test_calculation_caching" time="0.020" /><testcase classname="tests.core.ephemeris.classes.test_serialize_extended.TestPlanetPosition" name="test_planet_position_repr" time="0.001" /><testcase classname="tests.core.ephemeris.classes.test_serialize_extended.TestSerializationEdgeCases" name="test_serialization_with_none_values" time="0.013" /><testcase classname="tests.core.ephemeris.classes.test_cache.TestEphemerisCache" name="test_cached_call" time="0.001" /><testcase classname="tests.core.ephemeris.classes.test_cache.TestEphemerisCache" name="test_thread_safety" time="0.020" /><testcase classname="tests.core.ephemeris.classes.test_serialize_extended.TestSerializationEdgeCases" name="test_serialization_with_custom_attributes" time="0.001" /><testcase classname="tests.core.ephemeris.charts.test_natal.TestFullChartCalculation" name="test_force_recalculation" time="0.011" /><testcase classname="tests.core.ephemeris.classes.test_serialize_extended.TestSerializationEdgeCases" name="test_deserialization_error_handling" time="0.002" /><testcase classname="tests.core.ephemeris.classes.test_serialize_extended.TestSerializationEdgeCases" name="test_large_dataset_serialization" time="0.005" /><testcase classname="tests.core.ephemeris.classes.test_cache.TestCacheDecorator" name="test_decorator_basic_functionality" time="0.001" /><testcase classname="tests.core.ephemeris.charts.test_natal.TestFullChartCalculation" name="test_calculation_failure_no_objects" time="0.003" /><testcase classname="tests.core.ephemeris.classes.test_serialize_extended.TestEphemerisEncoder" name="test_numpy_array_encoding" time="0.001" /><testcase classname="tests.core.ephemeris.classes.test_serialize_extended.TestEphemerisEncoder" name="test_datetime_encoding" time="0.003" /><testcase classname="tests.core.ephemeris.classes.test_serialize_extended.TestEphemerisEncoder" name="test_numpy_scalar_encoding" time="0.001" /><testcase classname="tests.core.ephemeris.classes.test_serialize_extended.TestEphemerisDecoder" name="test_custom_object_decoding" time="0.003" /><testcase classname="tests.core.ephemeris.charts.test_natal.TestChartDataMethods" name="test_get_object_position" time="0.004" /><testcase classname="tests.core.ephemeris.classes.test_serialize_extended.TestEphemerisEncoder" name="test_complex_encoding" time="0.002" /><testcase classname="tests.core.ephemeris.test_const.TestSwePlanets" name="test_planet_constants_match_swe" time="0.003" /><testcase classname="tests.core.ephemeris.classes.test_serialize_extended.TestEphemerisDecoder" name="test_datetime_decoding" time="0.001" /><testcase classname="tests.core.ephemeris.classes.test_serialize_extended.TestNumpyConversion" name="test_numpy_array_conversion" time="0.003" /><testcase classname="tests.core.ephemeris.classes.test_serialize_extended.TestEphemerisDecoder" name="test_numpy_array_decoding" time="0.001" /><testcase classname="tests.core.ephemeris.test_const.TestSwePlanets" name="test_planet_uniqueness" time="0.001" /><testcase classname="tests.core.ephemeris.test_const.TestSweFlags" name="test_flag_constants_match_swe" time="0.002" /><testcase classname="tests.core.ephemeris.test_const.TestSweFlags" name="test_default_flags" time="0.001" /><testcase classname="tests.core.ephemeris.classes.test_serialize_extended.TestNumpyConversion" name="test_numpy_scalar_conversion" time="0.007" /><testcase classname="tests.core.ephemeris.test_const.TestHouseSystems" name="test_house_system_codes" time="0.001" /><testcase classname="tests.core.ephemeris.test_const.TestAspects" name="test_minor_aspects" time="0.001" /><testcase classname="tests.core.ephemeris.classes.test_serialize_extended.TestEphemerisDecoder" name="test_complex_decoding" time="0.003" /><testcase classname="tests.core.ephemeris.test_const.TestPlanetNames" name="test_planet_names_coverage" time="0.001" /><testcase classname="tests.core.ephemeris.test_const.TestPlanetNames" name="test_planet_symbols_coverage" time="0.001" /><testcase classname="tests.core.ephemeris.test_const.TestHouseSystems" name="test_house_system_uniqueness" time="0.001" /><testcase classname="tests.core.ephemeris.test_const.TestSignNames" name="test_sign_names_complete" time="0.001" /><testcase classname="tests.core.ephemeris.test_const.TestSignNames" name="test_sign_symbols_complete" time="0.001" /><testcase classname="tests.core.ephemeris.classes.test_serialize_extended.TestNumpyConversion" name="test_nested_structure_conversion" time="0.007" /><testcase classname="tests.core.ephemeris.test_const.TestAyanamsa" name="test_ayanamsa_constants_match_swe" time="0.003" /><testcase classname="tests.core.ephemeris.test_const.TestUtilityFunctions" name="test_degrees_in_sign" time="0.010" /><testcase classname="tests.core.ephemeris.test_const.TestSigns" name="test_sign_degrees" time="0.001" /><testcase classname="tests.core.ephemeris.test_const.TestSigns" name="test_sign_sequence" time="0.001" /><testcase classname="tests.core.ephemeris.test_const.TestAspects" name="test_major_aspects" time="0.001" /><testcase classname="tests.core.ephemeris.classes.test_serialize_extended.TestNumpyConversion" name="test_tuple_conversion" time="0.013" /><testcase classname="tests.core.ephemeris.test_const.TestUtilityFunctions" name="test_longitude_sign_boundaries[30.0-2]" time="0.002" /><testcase classname="tests.core.ephemeris.test_const.TestUtilityFunctions" name="test_normalize_longitude" time="0.001" /><testcase classname="tests.core.ephemeris.test_const.TestUtilityFunctions" name="test_longitude_sign_boundaries[59.9-2]" time="0.001" /><testcase classname="tests.core.ephemeris.test_const.TestUtilityFunctions" name="test_longitude_to_dms" time="0.002" /><testcase classname="tests.core.ephemeris.test_const.TestUtilityFunctions" name="test_longitude_sign_boundaries[60.0-3]" time="0.014" /><testcase classname="tests.core.ephemeris.test_const.TestUtilityFunctions" name="test_longitude_sign_boundaries[0.0-1]" time="0.002" /><testcase classname="tests.core.ephemeris.test_const.TestUtilityFunctions" name="test_longitude_sign_boundaries[29.9-1]" time="0.001" /><testcase classname="tests.core.ephemeris.test_const.TestUtilityFunctions" name="test_get_planet_name" time="0.003" /><testcase classname="tests.core.ephemeris.test_const.TestUtilityFunctions" name="test_longitude_sign_boundaries[119.9-4]" time="0.001" /><testcase classname="tests.core.ephemeris.test_const.TestUtilityFunctions" name="test_longitude_sign_boundaries[120.0-5]" time="0.001" /><testcase classname="tests.core.ephemeris.test_const.TestUtilityFunctions" name="test_longitude_sign_boundaries[149.9-5]" time="0.001" /><testcase classname="tests.core.ephemeris.test_const.TestUtilityFunctions" name="test_longitude_sign_boundaries[89.9-3]" time="0.001" /><testcase classname="tests.core.ephemeris.test_const.TestUtilityFunctions" name="test_longitude_sign_boundaries[150.0-6]" time="0.001" /><testcase classname="tests.core.ephemeris.test_const.TestUtilityFunctions" name="test_longitude_sign_boundaries[90.0-4]" time="0.001" /><testcase classname="tests.core.acg.test_acg_natal_integration.TestPerformance" name="test_subject_creation_performance" time="1.470" /><testcase classname="tests.core.ephemeris.classes.test_cache.TestGlobalCache" name="test_global_cache_singleton" time="0.004" /><testcase classname="tests.core.ephemeris.test_const.TestUtilityFunctions" name="test_longitude_sign_boundaries[180.0-7]" time="0.001" /><testcase classname="tests.core.ephemeris.test_const.TestUtilityFunctions" name="test_get_planet_symbol" time="0.004" /><testcase classname="tests.core.ephemeris.test_const.TestUtilityFunctions" name="test_longitude_sign_boundaries[209.9-7]" time="0.001" /><testcase classname="tests.core.ephemeris.test_const.TestUtilityFunctions" name="test_longitude_sign_boundaries[210.0-8]" time="0.001" /><testcase classname="tests.core.ephemeris.test_const.TestUtilityFunctions" name="test_get_sign_from_longitude" time="0.002" /><testcase classname="tests.core.ephemeris.test_const.TestUtilityFunctions" name="test_longitude_sign_boundaries[179.9-6]" time="0.005" /><testcase classname="tests.core.ephemeris.test_const.TestUtilityFunctions" name="test_get_sign_name" time="0.002" /><testcase classname="tests.core.ephemeris.test_const.TestUtilityFunctions" name="test_longitude_sign_boundaries[239.9-8]" time="0.001" /><testcase classname="tests.core.ephemeris.test_const.TestUtilityFunctions" name="test_longitude_sign_boundaries[240.0-9]" time="0.001" /><testcase classname="tests.core.ephemeris.test_const.TestUtilityFunctions" name="test_get_sign_symbol" time="0.001" /><testcase classname="tests.core.ephemeris.test_const.TestUtilityFunctions" name="test_longitude_sign_boundaries[300.0-11]" time="0.001" /><testcase classname="tests.core.ephemeris.classes.test_cache.TestGlobalCache" name="test_global_cache_functionality" time="0.007" /><testcase classname="tests.core.ephemeris.test_const.TestUtilityFunctions" name="test_longitude_sign_boundaries[269.9-9]" time="0.003" /><testcase classname="tests.core.ephemeris.test_const.TestUtilityFunctions" name="test_longitude_sign_boundaries[329.9-11]" time="0.001" /><testcase classname="tests.core.ephemeris.test_settings.TestEphemerisSettings" name="test_initialization" time="0.002" /><testcase classname="tests.core.ephemeris.test_const.TestUtilityFunctions" name="test_longitude_sign_boundaries[330.0-12]" time="0.002" /><testcase classname="tests.core.ephemeris.test_settings.TestEphemerisSettings" name="test_house_system_mapping" time="0.003" /><testcase classname="tests.core.ephemeris.test_const.TestUtilityFunctions" name="test_longitude_sign_boundaries[270.0-10]" time="0.002" /><testcase classname="tests.core.ephemeris.test_settings.TestEphemerisSettings" name="test_ephemeris_path_validation" time="0.003" /><testcase classname="tests.core.ephemeris.classes.test_serialize_extended.TestSerializationFunctions" name="test_deserialize_calculation_result_json" time="0.004" /><testcase classname="tests.core.ephemeris.test_const.TestUtilityFunctions" name="test_longitude_sign_boundaries[299.9-10]" time="0.002" /><testcase classname="tests.core.ephemeris.test_settings.TestEphemerisSettings" name="test_update_method" time="0.002" /><testcase classname="tests.core.ephemeris.classes.test_serialize_extended.TestSerializationFunctions" name="test_deserialize_calculation_result_binary" time="0.004" /><testcase classname="tests.core.ephemeris.test_settings.TestEphemerisSettings" name="test_to_dict" time="0.002" /><testcase classname="tests.core.ephemeris.classes.test_serialize_extended.TestEphemerisDataClass" name="test_ephemeris_data_creation" time="0.003" /><testcase classname="tests.core.ephemeris.test_settings.TestEphemerisSettings" name="test_thread_safety" time="0.061" /><testcase classname="tests.core.ephemeris.test_const.TestUtilityFunctions" name="test_longitude_sign_boundaries[359.9-12]" time="0.002" /><testcase classname="tests.core.ephemeris.test_settings.TestEphemerisSettings" name="test_add_ephemeris_path" time="0.020" /><testcase classname="tests.core.ephemeris.test_settings.TestSettingsSingleton" name="test_reset_functionality" time="0.002" /><testcase classname="tests.core.ephemeris.charts.test_natal.TestQuickDataAndSerialization" name="test_repr" time="0.003" /><testcase classname="tests.core.ephemeris.classes.test_serialize_extended.TestEphemerisDataClass" name="test_ephemeris_data_to_dict" time="0.001" /><testcase classname="tests.core.ephemeris.test_settings.TestSettingsSingleton" name="test_get_instance" time="0.004" /><testcase classname="tests.core.ephemeris.classes.test_serialize_extended.TestEphemerisDataClass" name="test_ephemeris_data_json_serialization_cycle" time="0.030" /><testcase classname="tests.core.ephemeris.charts.test_natal.TestThreadSafety" name="test_calculation_lock" time="0.005" /><testcase classname="tests.core.ephemeris.test_settings.TestGlobalSettings" name="test_global_settings_access" time="0.007" /><testcase classname="tests.core.ephemeris.test_settings.TestGlobalSettings" name="test_thread_safety_global" time="0.014" /><testcase classname="tests.core.ephemeris.charts.test_natal.TestThreadSafety" name="test_cached_result_thread_safety" time="0.012" /><testcase classname="tests.core.ephemeris.test_settings.TestGlobalSettings" name="test_global_settings_modification" time="0.002" /><testcase classname="tests.core.ephemeris.tools.test_convert.TestStringConversions" name="test_string_to_decimal_simple_decimal" time="0.003" /><testcase classname="tests.core.ephemeris.charts.test_subject.TestSubjectDataValidation" name="test_valid_subject_data_creation" time="0.001" /><testcase classname="tests.core.ephemeris.tools.test_convert.TestStringConversions" name="test_string_to_decimal_dms_symbols" time="0.001" /><testcase classname="tests.core.ephemeris.test_settings" name="test_settings_persistence_simulation" time="0.003" /><testcase classname="tests.core.ephemeris.tools.test_convert.TestStringConversions" name="test_string_to_decimal_longitude_format" time="0.003" /><testcase classname="tests.core.ephemeris.tools.test_convert.TestStringConversions" name="test_dms_to_string_formats" time="0.007" /><testcase classname="tests.core.ephemeris.tools.test_convert.TestDMSDecimalConversions" name="test_decimal_to_dms_positive" time="0.004" /><testcase classname="tests.core.ephemeris.tools.test_convert.TestStringConversions" name="test_string_to_decimal_colon_format" time="0.004" /><testcase classname="tests.core.ephemeris.tools.test_convert.TestDMSDecimalConversions" name="test_decimal_to_dms_negative" time="0.001" /><testcase classname="tests.core.ephemeris.tools.test_convert.TestDMSDecimalConversions" name="test_dms_to_decimal_basic" time="0.007" /><testcase classname="tests.core.ephemeris.tools.test_convert.TestDMSDecimalConversions" name="test_decimal_to_dms_rounding" time="0.001" /><testcase classname="tests.core.ephemeris.tools.test_convert.TestStringConversions" name="test_string_to_decimal_latitude_format" time="0.002" /><testcase classname="tests.core.ephemeris.tools.test_convert.TestUniversalConverters" name="test_to_dms_various_inputs" time="0.001" /><testcase classname="tests.core.ephemeris.tools.test_convert.TestDMSDecimalConversions" name="test_dms_to_decimal_negative" time="0.002" /><testcase classname="tests.core.ephemeris.tools.test_convert.TestUniversalConverters" name="test_to_string_various_inputs" time="0.001" /><testcase classname="tests.core.ephemeris.tools.test_convert.TestDMSDecimalConversions" name="test_round_trip_conversion" time="0.002" /><testcase classname="tests.core.ephemeris.tools.test_convert.TestCoordinateHelpers" name="test_coordinates_function" time="0.002" /><testcase classname="tests.core.ephemeris.tools.test_convert.TestCoordinateHelpers" name="test_normalize_latitude" time="0.002" /><testcase classname="tests.core.ephemeris.tools.test_convert.TestStringConversions" name="test_decimal_to_string_formats" time="0.004" /><testcase classname="tests.core.ephemeris.test_settings.TestSettingsSingleton" name="test_singleton_behavior" time="0.001" /><testcase classname="tests.core.ephemeris.tools.test_convert.TestEdgeCases" name="test_string_to_decimal_invalid_input" time="0.002" /><testcase classname="tests.core.ephemeris.tools.test_convert.TestEdgeCases" name="test_boundary_values" time="0.001" /><testcase classname="tests.core.ephemeris.tools.test_convert.TestCoordinateHelpers" name="test_degrees_hours_conversion" time="0.001" /><testcase classname="tests.core.ephemeris.charts.test_natal.TestSingleObjectCalculation" name="test_successful_object_calculation" time="0.011" /><testcase classname="tests.core.ephemeris.tools.test_convert.TestEdgeCases" name="test_numeric_string_parsing[90-90.0]" time="0.003" /><testcase classname="tests.core.ephemeris.tools.test_convert.TestEdgeCases" name="test_large_values" time="0.001" /><testcase classname="tests.core.ephemeris.tools.test_convert.TestCoordinateHelpers" name="test_distance_between_coordinates" time="0.001" /><testcase classname="tests.core.ephemeris.tools.test_convert.TestEdgeCases" name="test_numeric_string_parsing[-180--180.0]" time="0.002" /><testcase classname="tests.core.ephemeris.tools.test_convert.TestEdgeCases" name="test_numeric_string_parsing[45.123456-45.123456]" time="0.001" /><testcase classname="tests.core.ephemeris.charts.test_subject.TestSubjectInputNormalization" name="test_coordinate_string_parsing" time="0.005" /><testcase classname="tests.core.ephemeris.charts.test_natal.TestSingleObjectCalculation" name="test_failed_object_calculation" time="0.009" /><testcase classname="tests.core.ephemeris.tools.test_convert.TestCoordinateHelpers" name="test_normalize_longitude" time="0.001" /><testcase classname="tests.core.ephemeris.charts.test_subject.TestSubjectSerialization" name="test_from_dict" time="0.011" /><testcase classname="tests.core.ephemeris.tools.test_convert.TestCompatibilityWithImmanuel" name="test_dms_format_compatibility" time="0.003" /><testcase classname="tests.core.ephemeris.tools.test_convert.TestEdgeCases" name="test_numeric_string_parsing[0-0.0]" time="0.002" /><testcase classname="tests.core.ephemeris.tools.test_date.TestDateTimeConversion" name="test_to_datetime_from_julian_day" time="0.001" /><testcase classname="tests.core.ephemeris.tools.test_convert.TestCompatibilityWithImmanuel" name="test_coordinate_format_compatibility" time="0.001" /><testcase classname="tests.core.ephemeris.tools.test_convert.TestCompatibilityWithImmanuel" name="test_precision_matching" time="0.002" /><testcase classname="tests.benchmarks.test_performance.TestEphemerisBenchmarks" name="test_single_planet_calculation_performance" time="1.674" /><testcase classname="tests.core.ephemeris.tools.test_convert.TestEdgeCases" name="test_dms_to_decimal_edge_cases" time="0.001" /><testcase classname="tests.core.ephemeris.tools.test_date.TestDateTimeConversion" name="test_to_datetime_with_utc_offset" time="0.001" /><testcase classname="tests.core.ephemeris.tools.test_convert.TestUniversalConverters" name="test_to_decimal_various_inputs" time="0.004" /><testcase classname="tests.core.ephemeris.tools.test_date.TestDateTimeConversion" name="test_to_datetime_from_datetime_object" time="0.002" /><testcase classname="tests.core.ephemeris.tools.test_date.TestDateTimeConversion" name="test_to_datetime_with_coordinates" time="0.002" /><testcase classname="tests.core.ephemeris.charts.test_natal.TestHouseAndAngleCalculation" name="test_successful_houses_and_angles" time="0.060" /><testcase classname="tests.core.ephemeris.tools.test_date.TestJulianDayConversion" name="test_to_julian_day_from_datetime" time="0.002" /><testcase classname="tests.core.ephemeris.tools.test_convert.TestEdgeCases" name="test_numeric_string_parsing[0.0-0.0]" time="0.002" /><testcase classname="tests.core.ephemeris.charts.test_subject.TestSubjectSerialization" name="test_round_trip_serialization" time="0.005" /><testcase classname="tests.core.ephemeris.tools.test_date.TestJulianDayConversion" name="test_to_julian_day_with_timezone" time="0.002" /><testcase classname="tests.core.ephemeris.tools.test_date.TestJulianDayConversion" name="test_to_julian_day_from_string" time="0.003" /><testcase classname="tests.core.ephemeris.tools.test_date.TestJulianDayConversion" name="test_to_julian_day_invalid_input" time="0.001" /><testcase classname="tests.core.ephemeris.charts.test_subject.TestSubjectRepresentation" name="test_repr_valid_subject" time="0.003" /><testcase classname="tests.core.ephemeris.tools.test_date.TestDateTimeConversion" name="test_to_datetime_from_string" time="0.001" /><testcase classname="tests.core.ephemeris.charts.test_subject.TestSubjectEdgeCases" name="test_coordinate_normalization" time="0.026" /><testcase classname="tests.core.ephemeris.tools.test_date.TestTimezoneHandling" name="test_get_timezone_info_utc_offset" time="0.001" /><testcase classname="tests.core.ephemeris.tools.test_date.TestDateTimeConversion" name="test_to_datetime_with_timezone_name" time="0.002" /><testcase classname="tests.core.ephemeris.tools.test_date.TestDateTimeConversion" name="test_to_datetime_invalid_input" time="0.002" /><testcase classname="tests.core.ephemeris.tools.test_date.TestTimezoneHandling" name="test_get_timezone_info_coordinates" time="0.006" /><testcase classname="tests.core.ephemeris.tools.test_date.TestTimezoneHandling" name="test_lookup_timezone_by_coordinates" time="0.007" /><testcase classname="tests.core.ephemeris.tools.test_date.TestDSTAndAmbiguity" name="test_is_dst_active" time="0.002" /><testcase classname="tests.core.ephemeris.tools.test_date.TestTimezoneHandling" name="test_get_timezone_info_explicit_name" time="0.002" /><testcase classname="tests.core.ephemeris.tools.test_date.TestJulianDayConversion" name="test_to_julian_day_from_julian_day" time="0.004" /><testcase classname="tests.core.ephemeris.tools.test_date.TestUtilityFunctions" name="test_datetime_difference" time="0.001" /><testcase classname="tests.core.ephemeris.tools.test_date.TestTimezoneHandling" name="test_get_timezone_name" time="0.003" /><testcase classname="tests.core.ephemeris.tools.test_date.TestUtilityFunctions" name="test_create_datetime" time="0.001" /><testcase classname="tests.core.ephemeris.tools.test_date.TestDSTAndAmbiguity" name="test_get_utc_offset" time="0.002" /><testcase classname="tests.core.ephemeris.tools.test_date.TestTimezoneHandling" name="test_get_timezone_info_none_inputs" time="0.001" /><testcase classname="tests.core.ephemeris.tools.test_date.TestEdgeCasesAndErrors" name="test_invalid_iso_strings" time="0.001" /><testcase classname="tests.core.ephemeris.charts.test_subject.TestSubjectEdgeCases" name="test_coordinate_wrapping" time="0.002" /><testcase classname="tests.core.ephemeris.tools.test_date.TestEdgeCasesAndErrors" name="test_extreme_julian_days" time="0.001" /><testcase classname="tests.core.ephemeris.tools.test_date.TestCalendarFunctions" name="test_is_leap_year" time="0.004" /><testcase classname="tests.core.ephemeris.charts.test_natal.TestHouseAndAngleCalculation" name="test_failed_houses_calculation" time="0.010" /><testcase classname="tests.core.ephemeris.tools.test_date.TestCalendarFunctions" name="test_julian_day_to_calendar_date" time="0.001" /><testcase classname="tests.core.ephemeris.tools.test_date.TestEdgeCasesAndErrors" name="test_days_in_month_various_cases[2023-1-31]" time="0.001" /><testcase classname="tests.core.ephemeris.tools.test_date.TestEdgeCasesAndErrors" name="test_days_in_month_various_cases[2023-2-28]" time="0.001" /><testcase classname="tests.core.ephemeris.tools.test_date.TestCalendarFunctions" name="test_days_in_month" time="0.003" /><testcase classname="tests.core.ephemeris.charts.test_natal.TestAspectCalculation" name="test_aspect_calculation_within_orb" time="0.003" /><testcase classname="tests.core.ephemeris.tools.test_date.TestTimezoneHandling" name="test_localize_datetime" time="0.002" /><testcase classname="tests.core.ephemeris.tools.test_date.TestUtilityFunctions" name="test_normalize_datetime_to_utc" time="0.005" /><testcase classname="tests.core.ephemeris.charts.test_subject.TestSubjectEdgeCases" name="test_timezone_coordinate_lookup" time="0.002" /><testcase classname="tests.core.ephemeris.tools.test_date.TestEdgeCasesAndErrors" name="test_timezone_lookup_errors" time="0.002" /><testcase classname="tests.core.ephemeris.tools.test_date.TestEdgeCasesAndErrors" name="test_days_in_month_various_cases[2023-4-30]" time="0.003" /><testcase classname="tests.core.ephemeris.tools.test_date.TestRoundTripConversions" name="test_datetime_julian_day_round_trip" time="0.003" /><testcase classname="tests.core.ephemeris.tools.test_ephemeris.TestJulianDayConversions" name="test_julian_day_from_datetime_utc" time="0.001" /><testcase classname="tests.core.ephemeris.tools.test_date.TestEdgeCasesAndErrors" name="test_days_in_month_various_cases[2000-2-29]" time="0.005" /><testcase classname="tests.core.ephemeris.tools.test_date.TestEdgeCasesAndErrors" name="test_days_in_month_various_cases[2024-2-29]" time="0.002" /><testcase classname="tests.core.ephemeris.tools.test_ephemeris.TestJulianDayConversions" name="test_datetime_from_julian_day" time="0.001" /><testcase classname="tests.core.ephemeris.tools.test_date.TestCalendarFunctions" name="test_add_time_to_julian_day" time="0.001" /><testcase classname="tests.core.ephemeris.charts.test_natal.TestAspectCalculation" name="test_aspect_calculation_outside_orb" time="0.194" /><testcase classname="tests.core.ephemeris.tools.test_ephemeris.TestGetPlanet" name="test_get_planet_basic" time="0.002" /><testcase classname="tests.core.ephemeris.tools.test_date.TestEdgeCasesAndErrors" name="test_days_in_month_various_cases[2023-12-31]" time="0.002" /><testcase classname="tests.core.ephemeris.tools.test_ephemeris.TestJulianDayConversions" name="test_julian_day_from_datetime_naive" time="0.001" /><testcase classname="tests.core.ephemeris.tools.test_date.TestRoundTripConversions" name="test_string_datetime_round_trip" time="0.001" /><testcase classname="tests.core.ephemeris.tools.test_ephemeris.TestGetHouses" name="test_get_houses_error_handling" time="0.002" /><testcase classname="tests.core.ephemeris.tools.test_ephemeris.TestGetPoint" name="test_get_point_north_node" time="0.003" /><testcase classname="tests.core.ephemeris.tools.test_ephemeris.TestGetPoint" name="test_get_point_part_of_fortune" time="0.003" /><testcase classname="tests.core.ephemeris.tools.test_date.TestEdgeCasesAndErrors" name="test_days_in_month_various_cases[1900-2-28]" time="0.002" /><testcase classname="tests.core.ephemeris.tools.test_ephemeris.TestGetPoint" name="test_get_point_missing_coordinates" time="0.002" /><testcase classname="tests.core.ephemeris.tools.test_ephemeris.TestJulianDayConversions" name="test_round_trip_conversion" time="0.001" /><testcase classname="tests.core.ephemeris.tools.test_ephemeris.TestGetFixedStar" name="test_get_fixed_star_error_handling" time="0.002" /><testcase classname="tests.core.ephemeris.tools.test_ephemeris.TestGetPlanet" name="test_get_planet_topocentric" time="0.006" /><testcase classname="tests.core.ephemeris.charts.test_subject.TestSubjectInputNormalization" name="test_datetime_object_input" time="0.003" /><testcase classname="tests.core.ephemeris.tools.test_ephemeris.TestGetAngles" name="test_get_angles" time="0.095" /><testcase classname="tests.core.ephemeris.tools.test_ephemeris.TestGetPoint" name="test_get_point_south_node" time="0.002" /><testcase classname="tests.core.ephemeris.tools.test_ephemeris.TestValidateEphemerisFiles" name="test_validate_ephemeris_files_success" time="0.007" /><testcase classname="tests.core.ephemeris.charts.test_subject.TestSubjectValidation" name="test_invalid_name_types" time="0.006" /><testcase classname="tests.core.ephemeris.tools.test_ephemeris.TestGetFixedStar" name="test_get_fixed_star_basic" time="0.137" /><testcase classname="tests.core.ephemeris.tools.test_ephemeris.TestIntegrationScenarios" name="test_longitude_normalization_scenarios[180.0-180.0]" time="0.001" /><testcase classname="tests.core.ephemeris.tools.test_ephemeris.TestGetPoint" name="test_get_point_unknown_type" time="0.002" /><testcase classname="tests.core.ephemeris.tools.test_ephemeris.TestCalculatePlanetaryChart" name="test_calculate_planetary_chart" time="0.004" /><testcase classname="tests.core.ephemeris.charts.test_subject.TestSubjectValidation" name="test_empty_name" time="0.002" /><testcase classname="tests.core.ephemeris.tools.test_ephemeris.TestValidateEphemerisFiles" name="test_validate_ephemeris_files_failure" time="0.004" /><testcase classname="tests.core.ephemeris.tools.test_ephemeris.TestIntegrationScenarios" name="test_longitude_normalization_scenarios[360.0-0.0]" time="0.002" /><testcase classname="tests.core.ephemeris.tools.test_ephemeris.TestIntegrationScenarios" name="test_longitude_normalization_scenarios[720.5-0.5]" time="0.002" /><testcase classname="tests.core.ephemeris.tools.test_position.TestBasicPositionFunctions" name="test_get_longitude_from_dict" time="0.001" /><testcase classname="tests.core.ephemeris.tools.test_position.TestZodiacSignFunctions" name="test_zodiac_sign_with_dict_input" time="0.001" /><testcase classname="tests.core.ephemeris.tools.test_position.TestZodiacSignFunctions" name="test_opposite_sign_calculation" time="0.002" /><testcase classname="tests.core.ephemeris.tools.test_position.TestZodiacSignFunctions" name="test_sign_longitude_calculation" time="0.001" /><testcase classname="tests.core.ephemeris.tools.test_position.TestDecanFunctions" name="test_decan_calculation" time="0.001" /><testcase classname="tests.core.ephemeris.tools.test_position.TestBasicPositionFunctions" name="test_get_longitude_from_float" time="0.002" /><testcase classname="tests.core.ephemeris.charts.test_subject.TestSubjectValidation" name="test_invalid_timezone_string" time="0.007" /><testcase classname="tests.core.ephemeris.tools.test_position.TestHousePositions" name="test_house_position_basic" time="0.098" /><testcase classname="tests.core.ephemeris.tools.test_position.TestElementAndModalityFunctions" name="test_modality_calculation" time="0.003" /><testcase classname="tests.core.ephemeris.tools.test_position.TestElementAndModalityFunctions" name="test_element_calculation" time="0.014" /><testcase classname="tests.core.ephemeris.tools.test_position.TestZodiacSignFunctions" name="test_zodiac_sign_calculation" time="0.001" /><testcase classname="tests.core.ephemeris.tools.test_position.TestDecanFunctions" name="test_decan_with_dict_input" time="0.002" /><testcase classname="tests.core.ephemeris.tools.test_position.TestAngularMeasurements" name="test_is_in_same_sign" time="0.001" /><testcase classname="tests.core.ephemeris.tools.test_position.TestHousePositions" name="test_opposite_house_position" time="0.003" /><testcase classname="tests.core.ephemeris.charts.test_subject.TestSubjectValidation" name="test_validation_errors_tracking" time="0.001" /><testcase classname="tests.core.ephemeris.charts.test_subject.TestSubjectValidation" name="test_is_valid_method" time="0.002" /><testcase classname="tests.core.ephemeris.tools.test_position.TestAngularMeasurements" name="test_is_in_same_element" time="0.001" /><testcase classname="tests.core.ephemeris.tools.test_position.TestAngularMeasurements" name="test_is_in_same_modality" time="0.002" /><testcase classname="tests.core.ephemeris.tools.test_position.TestPositionSummary" name="test_get_position_summary_basic" time="0.002" /><testcase classname="tests.core.ephemeris.charts.test_subject.TestSubjectSerialization" name="test_to_dict" time="0.002" /><testcase classname="tests.core.ephemeris.tools.test_position.TestAngularMeasurements" name="test_angular_separation" time="0.002" /><testcase classname="tests.core.ephemeris.tools.test_position.TestPositionSummary" name="test_get_position_summary_with_houses" time="0.004" /><testcase classname="tests.core.ephemeris.tools.test_position.TestCriticalDegreesAndBoundaries" name="test_get_critical_degrees" time="0.001" /><testcase classname="tests.core.ephemeris.tools.test_position.TestCriticalDegreesAndBoundaries" name="test_is_at_critical_degree" time="0.003" /><testcase classname="tests.core.ephemeris.tools.test_position.TestAspectCalculations" name="test_get_closest_aspect_angle" time="0.003" /><testcase classname="tests.core.ephemeris.tools.test_position.TestConvenienceFunctions" name="test_sign_symbol" time="0.001" /><testcase classname="tests.core.ephemeris.tools.test_position.TestCriticalDegreesAndBoundaries" name="test_is_at_sign_boundary" time="0.019" /><testcase classname="tests.core.ephemeris.tools.test_position.TestConvenienceFunctions" name="test_sign_name" time="0.001" /><testcase classname="tests.core.ephemeris.tools.test_position.TestConvenienceFunctions" name="test_format_position" time="0.001" /><testcase classname="tests.core.ephemeris.tools.test_position.TestEdgeCasesAndErrorHandling" name="test_boundary_longitudes" time="0.002" /><testcase classname="tests.core.ephemeris.tools.test_position.TestEdgeCasesAndErrorHandling" name="test_negative_longitudes" time="0.002" /><testcase classname="tests.core.ephemeris.tools.test_position.TestEdgeCasesAndErrorHandling" name="test_large_longitudes" time="0.001" /><testcase classname="tests.core.ephemeris.tools.test_position.TestEdgeCasesAndErrorHandling" name="test_house_position_no_match" time="0.002" /><testcase classname="tests.core.ephemeris.tools.test_ephemeris.TestIntegrationScenarios" name="test_natal_chart_calculation_scenario" time="0.001" /><testcase classname="tests.core.ephemeris.tools.test_position.TestEdgeCasesAndErrorHandling" name="test_invalid_house_data" time="0.019" /><testcase classname="tests.core.ephemeris.tools.test_position.TestConstantsAndMappings" name="test_element_names_completeness" time="0.001" /><testcase classname="tests.core.ephemeris.tools.test_position" name="test_zodiac_classifications_parametrized[0.0-1-1-1]" time="0.001" /><testcase classname="tests.core.ephemeris.tools.test_position.TestConvenienceFunctions" name="test_element_name" time="0.002" /><testcase classname="tests.core.ephemeris.tools.test_position" name="test_zodiac_classifications_parametrized[90.0-4-4-1]" time="0.002" /><testcase classname="tests.core.ephemeris.tools.test_position.TestConvenienceFunctions" name="test_modality_name" time="0.001" /><testcase classname="tests.core.ephemeris.tools.test_position.TestConstantsAndMappings" name="test_modality_names_completeness" time="0.006" /><testcase classname="tests.core.ephemeris.tools.test_position" name="test_zodiac_classifications_parametrized[120.0-5-1-2]" time="0.002" /><testcase classname="tests.core.ephemeris.tools.test_position" name="test_zodiac_classifications_parametrized[150.0-6-2-3]" time="0.014" /><testcase classname="tests.core.ephemeris.tools.test_position" name="test_zodiac_classifications_parametrized[180.0-7-3-1]" time="0.002" /><testcase classname="tests.core.ephemeris.tools.test_position.TestConstantsAndMappings" name="test_consistency_between_functions_and_constants" time="0.003" /><testcase classname="tests.core.ephemeris.tools.test_position" name="test_zodiac_classifications_parametrized[210.0-8-4-2]" time="0.004" /><testcase classname="tests.core.ephemeris.tools.test_position" name="test_zodiac_classifications_parametrized[270.0-10-2-1]" time="0.002" /><testcase classname="tests.core.ephemeris.tools.test_position" name="test_zodiac_classifications_parametrized[300.0-11-3-2]" time="0.004" /><testcase classname="tests.core.ephemeris.tools.test_position" name="test_zodiac_classifications_parametrized[330.0-12-4-3]" time="0.002" /><testcase classname="tests.test_edge_cases.TestDSTTransitions" name="test_spring_forward_transition" time="0.054" /><testcase classname="tests.core.ephemeris.tools.test_position" name="test_zodiac_classifications_parametrized[30.0-2-2-2]" time="0.002" /><testcase classname="tests.core.ephemeris.tools.test_ephemeris.TestIntegrationScenarios" name="test_longitude_normalization_scenarios[0.0-0.0]" time="0.034" /><testcase classname="tests.core.ephemeris.tools.test_position" name="test_zodiac_classifications_parametrized[240.0-9-1-3]" time="0.002" /><testcase classname="tests.test_edge_cases.TestDSTTransitions" name="test_fall_back_transition" time="0.044" /><testcase classname="tests.test_edge_cases.TestDSTTransitions" name="test_dst_aware_calculation_consistency" time="0.087" /><testcase classname="tests.test_edge_cases.TestHighLatitudeCalculations" name="test_north_pole_calculation" time="0.040"><skipped type="pytest.skip" message="North Pole calculation failed as expected: Natal chart calculation failed: Failed to calculate houses and angles: Failed to calculate houses: swisseph.houses: error">C:\Users\jacks\OneDrive\Desktop\MERIDIAN\Meridian DEV\Meridian Ephemeris V1\backend\tests\test_edge_cases.py:167: North Pole calculation failed as expected: Natal chart calculation failed: Failed to calculate houses and angles: Failed to calculate houses: swisseph.houses: error</skipped></testcase><testcase classname="tests.core.ephemeris.tools.test_ephemeris.TestIntegrationScenarios" name="test_longitude_normalization_scenarios[450.0-90.0]" time="0.001" /><testcase classname="tests.test_edge_cases.TestHighLatitudeCalculations" name="test_antarctic_circle_winter_solstice" time="0.039" /><testcase classname="tests.core.ephemeris.tools.test_position.TestHousePositions" name="test_house_position_caching" time="0.002" /><testcase classname="tests.core.ephemeris.charts.test_subject.TestSubjectEdgeCases" name="test_default_altitude" time="0.002" /><testcase classname="tests.core.ephemeris.classes.test_cache.TestCacheEntry" name="test_cache_entry_creation" time="0.003" /><testcase classname="tests.core.ephemeris.tools.test_ephemeris.TestIntegrationScenarios" name="test_longitude_normalization_scenarios[-90.0-270.0]" time="0.003" /><testcase classname="tests.test_edge_cases.TestCoordinateBoundaries" name="test_international_date_line" time="0.060" /><testcase classname="tests.core.ephemeris.tools.test_position" name="test_zodiac_classifications_parametrized[60.0-3-3-3]" time="0.002" /><testcase classname="tests.core.ephemeris.classes.test_cache.TestCacheEntry" name="test_cache_entry_with_ttl" time="0.002" /><testcase classname="tests.test_edge_cases.TestCoordinateBoundaries" name="test_equator_crossing" time="0.041" /><testcase classname="tests.test_edge_cases.TestCoordinateBoundaries" name="test_prime_meridian" time="0.046" /><testcase classname="tests.core.ephemeris.classes.test_cache.TestCacheEntry" name="test_cache_entry_touch" time="0.010" /><testcase classname="tests.core.ephemeris.tools.test_ephemeris.TestGetPlanet" name="test_get_planet_error_handling" time="0.006" /><testcase classname="tests.core.ephemeris.tools.test_ephemeris.TestGetHouses" name="test_get_houses_basic" time="0.002" /><testcase classname="tests.core.ephemeris.classes.test_cache.TestEphemerisCache" name="test_cache_initialization" time="0.002" /><testcase classname="tests.test_edge_cases.TestHouseSystemEdgeCases" name="test_house_cusp_ordering" time="0.035" /><testcase classname="tests.test_edge_cases.TestPerformanceEdgeCases" name="test_calculation_time_consistency" time="0.252" /><testcase classname="tests.test_edge_cases.TestLeapYearCalculations" name="test_leap_year_sequence" time="0.002" /><testcase classname="tests.test_edge_cases.TestLeapYearCalculations" name="test_leap_year_century_boundary" time="0.001" /><testcase classname="tests.test_edge_cases.TestHighLatitudeCalculations" name="test_reykjavik_midnight_sun" time="0.036" /><testcase classname="tests.test_edge_cases.TestHighLatitudeCalculations" name="test_arctic_circle_summer_solstice" time="0.046" /><testcase classname="tests.test_main_extended.TestApplicationLifecycle" name="test_app_metadata" time="0.001" /><testcase classname="tests.test_main_extended.TestApplicationLifecycle" name="test_openapi_urls" time="0.001" /><testcase classname="tests.test_main_extended.TestMiddleware" name="test_gzip_middleware" time="0.146" /><testcase classname="tests.test_main_extended.TestExceptionHandlers" name="test_validation_exception_handler" time="0.019" /><testcase classname="tests.test_edge_cases.TestHistoricalDates" name="test_late_21st_century" time="0.031" /><testcase classname="tests.test_edge_cases.TestHouseSystemEdgeCases" name="test_multiple_house_systems_high_latitude" time="0.325" /><testcase classname="tests.test_edge_cases.TestHistoricalDates" name="test_early_20th_century" time="0.068" /><testcase classname="tests.test_edge_cases.TestReferenceValidation" name="test_j2000_reference_positions" time="0.076" /><testcase classname="tests.test_main_extended.TestExceptionHandlers" name="test_global_exception_handler" time="0.032" /><testcase classname="tests.test_edge_cases.TestLeapYearCalculations" name="test_leap_day_calculation" time="0.042" /><testcase classname="tests.test_main_extended.TestMiddleware" name="test_process_time_middleware" time="0.016" /><testcase classname="tests.test_main_extended.TestMiddleware" name="test_cors_middleware" time="0.016" /><testcase classname="tests.test_main_extended.TestHealthEndpoints" name="test_global_health_endpoint" time="0.056" /><testcase classname="tests.test_main_extended.TestApplicationConfiguration" name="test_exception_handlers_registered" time="0.002" /><testcase classname="tests.test_main_extended.TestApplicationStartup" name="test_startup_validation_error" time="0.060" /><testcase classname="tests.test_main_extended.TestApplicationConfiguration" name="test_router_inclusion" time="0.001" /><testcase classname="tests.test_main_extended.TestRequestLogging" name="test_error_request_logging" time="0.020" /><testcase classname="tests.test_main_extended.TestApplicationStartup" name="test_startup_with_valid_ephemeris" time="0.026" /><testcase classname="tests.test_main_extended.TestApplicationConfiguration" name="test_middleware_stack" time="0.001" /><testcase classname="tests.test_main_extended.TestApplicationSecurity" name="test_error_response_security" time="0.022" /><testcase classname="tests.test_main_extended.TestApplicationSecurity" name="test_no_server_header_leakage" time="0.036" /><testcase classname="tests.test_main_extended.TestRootEndpoint" name="test_root_endpoint_structure" time="0.045" /><testcase classname="tests.test_main_extended.TestApplicationSecurity" name="test_content_type_security" time="0.031" /><testcase classname="tests.test_main_extended.TestRootEndpoint" name="test_root_endpoint_content_type" time="0.046" /><testcase classname="tests.test_main_extended.TestPerformance" name="test_response_time_headers" time="0.024" /><testcase classname="tests.test_main_extended.TestApplicationStartup" name="test_startup_with_missing_ephemeris" time="0.037" /><testcase classname="tests.test_main_extended.TestRequestLogging" name="test_request_logging" time="0.045" /><testcase classname="tests.test_main_extended.TestPerformance" name="test_concurrent_requests" time="0.262" /><testcase classname="tests.test_main_extended.TestExceptionHandlers" name="test_validation_handler_with_complex_errors" time="0.020" /><testcase classname="tests.core.acg.test_acg_core.TestErrorHandling" name="test_missing_swiss_ephemeris_handling" time="0.007" /><testcase classname="tests.core.acg.test_acg_core.TestErrorHandling" name="test_calculation_error_recovery" time="0.010" /><testcase classname="tests.core.acg.test_acg_metadata.TestACGMetadataManager" name="test_metadata_manager_initialization" time="0.001" /><testcase classname="tests.core.acg.test_acg_metadata.TestACGMetadataManager" name="test_create_base_metadata" time="0.001" /><testcase classname="tests.test_main_extended.TestApplicationLifecycle" name="test_app_creation" time="0.001" /><testcase classname="tests.core.acg.test_acg_metadata.TestACGMetadataManager" name="test_create_line_metadata_complete" time="0.018" /><testcase classname="tests.core.acg.test_acg_metadata.TestACGMetadataManager" name="test_create_line_metadata_minimal" time="0.002" /><testcase classname="tests.test_main_extended.TestHealthEndpoints" name="test_ephemeris_health_endpoint" time="0.056" /><testcase classname="tests.core.acg.test_acg_core.TestACGLineCalculations" name="test_paran_line_calculation" time="0.483" /><testcase classname="tests.core.acg.test_acg_core.TestACGRequestProcessing" name="test_metadata_to_properties_conversion" time="0.002" /><testcase classname="tests.core.acg.test_acg_core.TestACGRequestProcessing" name="test_full_acg_calculation_mock" time="0.007" /><testcase classname="tests.core.acg.test_acg_core.TestACGRequestProcessing" name="test_invalid_request_handling" time="0.003" /><testcase classname="tests.core.acg.test_acg_core.TestACGUtilityFunctions" name="test_ecliptic_to_equatorial_conversion" time="0.002" /><testcase classname="tests.benchmarks.test_performance.TestCacheBenchmarks" name="test_memory_cache_performance" time="0.277" /><testcase classname="tests.core.ephemeris.charts.test_integration.TestChartIntegration" name="test_end_to_end_natal_chart_construction" time="0.021" /><testcase classname="tests.core.ephemeris.charts.test_integration.TestChartIntegration" name="test_multiple_house_systems" time="0.013" /><testcase classname="tests.core.ephemeris.charts.test_integration.TestChartIntegration" name="test_chart_configuration_options" time="0.011" /><testcase classname="tests.benchmarks.test_performance.TestCacheBenchmarks" name="test_redis_cache_performance" time="0.002"><skipped type="pytest.skip" message="Redis cache not available">C:\Users\jacks\OneDrive\Desktop\MERIDIAN\Meridian DEV\ASTRO MERIDIAN APP V1.0\backend\tests\benchmarks\test_performance.py:157: Redis cache not available</skipped></testcase><testcase classname="tests.benchmarks.test_performance.TestBatchProcessingBenchmarks" name="test_batch_size_scaling[10]" time="0.011" /><testcase classname="tests.benchmarks.test_performance.TestBatchProcessingBenchmarks" name="test_batch_size_scaling[50]" time="0.040" /><testcase classname="tests.benchmarks.test_performance.TestPerformanceTargets" name="test_batch_10x_improvement_target" time="0.067" /><testcase classname="tests.benchmarks.test_performance.TestBatchProcessingBenchmarks" name="test_batch_size_scaling[100]" time="0.069" /><testcase classname="tests.core.ephemeris.classes.test_serialize_extended.TestHouseSystem" name="test_house_system_creation" time="0.004" /><testcase classname="tests.core.ephemeris.classes.test_serialize_extended.TestHouseSystem" name="test_house_system_properties" time="0.001" /><testcase classname="tests.core.ephemeris.classes.test_serialize_extended.TestHouseSystem" name="test_house_system_validation" time="0.001" /><testcase classname="tests.core.ephemeris.classes.test_serialize_extended.TestSerializationFunctions" name="test_serialize_calculation_result_json" time="0.001" /><testcase classname="tests.core.ephemeris.classes.test_serialize_extended.TestSerializationFunctions" name="test_serialize_calculation_result_binary" time="0.001" /><testcase classname="tests.benchmarks.test_performance.TestPerformanceTargets" name="test_api_response_time_target" time="0.008" /><testcase classname="tests.benchmarks.test_performance.TestCacheHitRateTarget" name="test_cache_hit_rate_target" time="0.002" /><testcase classname="tests.core.acg.test_acg_cache.TestACGCacheManager" name="test_cache_manager_initialization" time="0.003" /><testcase classname="tests.core.acg.test_acg_cache.TestACGCacheManager" name="test_generate_cache_key_consistency" time="0.002" /></testsuite></testsuites>